pkg_config: checking for pkg-config for yaml-0.1... -------------------- ["-I/nix/store/v9qn9g4fm4818vx30kl7z423vj1mswml-libyaml-0.2.5-dev/include ", "-L/nix/store/fnhs945sa02bg7gki8a3l8r9r44ylx10-libyaml-0.2.5/lib", "-lyaml"]

LD_LIBRARY_PATH=.:/nix/store/s57rf37r1i38kpm3nlv4h8f8z2w2n80d-ruby-3.4.8/lib ASAN_OPTIONS=detect_leaks=0 pkg-config --exists yaml-0.1
LD_LIBRARY_PATH=.:/nix/store/s57rf37r1i38kpm3nlv4h8f8z2w2n80d-ruby-3.4.8/lib ASAN_OPTIONS=detect_leaks=0 pkg-config --libs yaml-0.1 |
=> "-L/nix/store/fnhs945sa02bg7gki8a3l8r9r44ylx10-libyaml-0.2.5/lib -lyaml\n"
LD_LIBRARY_PATH=.:/nix/store/s57rf37r1i38kpm3nlv4h8f8z2w2n80d-ruby-3.4.8/lib ASAN_OPTIONS=detect_leaks=0 "gcc -o conftest -I/nix/store/s57rf37r1i38kpm3nlv4h8f8z2w2n80d-ruby-3.4.8/include/ruby-3.4.0/x86_64-linux -I/nix/store/s57rf37r1i38kpm3nlv4h8f8z2w2n80d-ruby-3.4.8/include/ruby-3.4.0/ruby/backward -I/nix/store/s57rf37r1i38kpm3nlv4h8f8z2w2n80d-ruby-3.4.8/include/ruby-3.4.0 -I.    -O3 -fPIC conftest.c -L. -L/nix/store/s57rf37r1i38kpm3nlv4h8f8z2w2n80d-ruby-3.4.8/lib -Wl,-rpath,/nix/store/s57rf37r1i38kpm3nlv4h8f8z2w2n80d-ruby-3.4.8/lib -L. -fstack-protector-strong -rdynamic -Wl,-export-dynamic -Wl,--no-as-needed     -Wl,-rpath,/nix/store/s57rf37r1i38kpm3nlv4h8f8z2w2n80d-ruby-3.4.8/lib -L/nix/store/s57rf37r1i38kpm3nlv4h8f8z2w2n80d-ruby-3.4.8/lib -lruby-3.4.8  -lm -lpthread  -lc"
checked program was:
/* begin */
1: #include "ruby.h"
2: 
3: int main(int argc, char **argv)
4: {
5:   return !!argv[argc];
6: }
/* end */

LD_LIBRARY_PATH=.:/nix/store/s57rf37r1i38kpm3nlv4h8f8z2w2n80d-ruby-3.4.8/lib ASAN_OPTIONS=detect_leaks=0 "gcc -o conftest -I/nix/store/s57rf37r1i38kpm3nlv4h8f8z2w2n80d-ruby-3.4.8/include/ruby-3.4.0/x86_64-linux -I/nix/store/s57rf37r1i38kpm3nlv4h8f8z2w2n80d-ruby-3.4.8/include/ruby-3.4.0/ruby/backward -I/nix/store/s57rf37r1i38kpm3nlv4h8f8z2w2n80d-ruby-3.4.8/include/ruby-3.4.0 -I.    -O3 -fPIC conftest.c -L. -L/nix/store/s57rf37r1i38kpm3nlv4h8f8z2w2n80d-ruby-3.4.8/lib -Wl,-rpath,/nix/store/s57rf37r1i38kpm3nlv4h8f8z2w2n80d-ruby-3.4.8/lib -L. -fstack-protector-strong -rdynamic -Wl,-export-dynamic -Wl,--no-as-needed -L/nix/store/fnhs945sa02bg7gki8a3l8r9r44ylx10-libyaml-0.2.5/lib -lyaml    -Wl,-rpath,/nix/store/s57rf37r1i38kpm3nlv4h8f8z2w2n80d-ruby-3.4.8/lib -L/nix/store/s57rf37r1i38kpm3nlv4h8f8z2w2n80d-ruby-3.4.8/lib -lruby-3.4.8  -lm -lpthread  -lc"
checked program was:
/* begin */
1: #include "ruby.h"
2: 
3: int main(int argc, char **argv)
4: {
5:   return !!argv[argc];
6: }
/* end */

LD_LIBRARY_PATH=.:/nix/store/s57rf37r1i38kpm3nlv4h8f8z2w2n80d-ruby-3.4.8/lib ASAN_OPTIONS=detect_leaks=0 pkg-config --cflags-only-I yaml-0.1 |
=> "-I/nix/store/v9qn9g4fm4818vx30kl7z423vj1mswml-libyaml-0.2.5-dev/include\n"
LD_LIBRARY_PATH=.:/nix/store/s57rf37r1i38kpm3nlv4h8f8z2w2n80d-ruby-3.4.8/lib ASAN_OPTIONS=detect_leaks=0 pkg-config --cflags-only-other yaml-0.1 |
=> "\n"
LD_LIBRARY_PATH=.:/nix/store/s57rf37r1i38kpm3nlv4h8f8z2w2n80d-ruby-3.4.8/lib ASAN_OPTIONS=detect_leaks=0 pkg-config --libs-only-l yaml-0.1 |
=> "-lyaml\n"
package configuration for yaml-0.1
incflags: -I/nix/store/v9qn9g4fm4818vx30kl7z423vj1mswml-libyaml-0.2.5-dev/include
cflags: 
ldflags: -L/nix/store/fnhs945sa02bg7gki8a3l8r9r44ylx10-libyaml-0.2.5/lib
libs: -lyaml

--------------------

