find_header: checking for prism.h in /home/coder/src/ruby/motor/open_resource/.gem/ruby/3.4.0/gems/prism-1.9.0/include... -------------------- yes

LD_LIBRARY_PATH=.:/nix/store/s57rf37r1i38kpm3nlv4h8f8z2w2n80d-ruby-3.4.8/lib ASAN_OPTIONS=detect_leaks=0 "gcc -o conftest -I/nix/store/s57rf37r1i38kpm3nlv4h8f8z2w2n80d-ruby-3.4.8/include/ruby-3.4.0/x86_64-linux -I/nix/store/s57rf37r1i38kpm3nlv4h8f8z2w2n80d-ruby-3.4.8/include/ruby-3.4.0/ruby/backward -I/nix/store/s57rf37r1i38kpm3nlv4h8f8z2w2n80d-ruby-3.4.8/include/ruby-3.4.0 -I.    -O3 -fPIC conftest.c -L. -L/nix/store/s57rf37r1i38kpm3nlv4h8f8z2w2n80d-ruby-3.4.8/lib -Wl,-rpath,/nix/store/s57rf37r1i38kpm3nlv4h8f8z2w2n80d-ruby-3.4.8/lib -L. -fstack-protector-strong -rdynamic -Wl,-export-dynamic -Wl,--no-as-needed     -Wl,-rpath,/nix/store/s57rf37r1i38kpm3nlv4h8f8z2w2n80d-ruby-3.4.8/lib -L/nix/store/s57rf37r1i38kpm3nlv4h8f8z2w2n80d-ruby-3.4.8/lib -lruby-3.4.8  -lm -lpthread  -lc"
checked program was:
/* begin */
1: #include "ruby.h"
2: 
3: int main(int argc, char **argv)
4: {
5:   return !!argv[argc];
6: }
/* end */

LD_LIBRARY_PATH=.:/nix/store/s57rf37r1i38kpm3nlv4h8f8z2w2n80d-ruby-3.4.8/lib ASAN_OPTIONS=detect_leaks=0 "gcc -I/nix/store/s57rf37r1i38kpm3nlv4h8f8z2w2n80d-ruby-3.4.8/include/ruby-3.4.0/x86_64-linux -I/nix/store/s57rf37r1i38kpm3nlv4h8f8z2w2n80d-ruby-3.4.8/include/ruby-3.4.0/ruby/backward -I/nix/store/s57rf37r1i38kpm3nlv4h8f8z2w2n80d-ruby-3.4.8/include/ruby-3.4.0 -I.    -O3 -fPIC   -c conftest.c"
conftest.c:3:10: fatal error: prism.h: No such file or directory
    3 | #include <prism.h>
      |          ^~~~~~~~~
compilation terminated.
checked program was:
/* begin */
1: #include "ruby.h"
2: 
3: #include <prism.h>
/* end */

LD_LIBRARY_PATH=.:/nix/store/s57rf37r1i38kpm3nlv4h8f8z2w2n80d-ruby-3.4.8/lib ASAN_OPTIONS=detect_leaks=0 "gcc -I/nix/store/s57rf37r1i38kpm3nlv4h8f8z2w2n80d-ruby-3.4.8/include/ruby-3.4.0/x86_64-linux -I/nix/store/s57rf37r1i38kpm3nlv4h8f8z2w2n80d-ruby-3.4.8/include/ruby-3.4.0/ruby/backward -I/nix/store/s57rf37r1i38kpm3nlv4h8f8z2w2n80d-ruby-3.4.8/include/ruby-3.4.0 -I.    -O3 -fPIC  -I/home/coder/src/ruby/motor/open_resource/.gem/ruby/3.4.0/gems/prism-1.9.0/include -c conftest.c"
checked program was:
/* begin */
1: #include "ruby.h"
2: 
3: #include <prism.h>
/* end */

--------------------

find_header: checking for prism/extension.h in /home/coder/src/ruby/motor/open_resource/.gem/ruby/3.4.0/gems/prism-1.9.0/ext... -------------------- yes

LD_LIBRARY_PATH=.:/nix/store/s57rf37r1i38kpm3nlv4h8f8z2w2n80d-ruby-3.4.8/lib ASAN_OPTIONS=detect_leaks=0 "gcc -I/nix/store/s57rf37r1i38kpm3nlv4h8f8z2w2n80d-ruby-3.4.8/include/ruby-3.4.0/x86_64-linux -I/nix/store/s57rf37r1i38kpm3nlv4h8f8z2w2n80d-ruby-3.4.8/include/ruby-3.4.0/ruby/backward -I/nix/store/s57rf37r1i38kpm3nlv4h8f8z2w2n80d-ruby-3.4.8/include/ruby-3.4.0 -I. -I/home/coder/src/ruby/motor/open_resource/.gem/ruby/3.4.0/gems/prism-1.9.0/include    -O3 -fPIC   -c conftest.c"
conftest.c:3:10: fatal error: prism/extension.h: No such file or directory
    3 | #include <prism/extension.h>
      |          ^~~~~~~~~~~~~~~~~~~
compilation terminated.
checked program was:
/* begin */
1: #include "ruby.h"
2: 
3: #include <prism/extension.h>
/* end */

LD_LIBRARY_PATH=.:/nix/store/s57rf37r1i38kpm3nlv4h8f8z2w2n80d-ruby-3.4.8/lib ASAN_OPTIONS=detect_leaks=0 "gcc -I/nix/store/s57rf37r1i38kpm3nlv4h8f8z2w2n80d-ruby-3.4.8/include/ruby-3.4.0/x86_64-linux -I/nix/store/s57rf37r1i38kpm3nlv4h8f8z2w2n80d-ruby-3.4.8/include/ruby-3.4.0/ruby/backward -I/nix/store/s57rf37r1i38kpm3nlv4h8f8z2w2n80d-ruby-3.4.8/include/ruby-3.4.0 -I. -I/home/coder/src/ruby/motor/open_resource/.gem/ruby/3.4.0/gems/prism-1.9.0/include    -O3 -fPIC  -I/home/coder/src/ruby/motor/open_resource/.gem/ruby/3.4.0/gems/prism-1.9.0/ext -c conftest.c"
checked program was:
/* begin */
1: #include "ruby.h"
2: 
3: #include <prism/extension.h>
/* end */

--------------------

append_cflags: checking for whether -fvisibility=hidden is accepted as CFLAGS... -------------------- yes

LD_LIBRARY_PATH=.:/nix/store/s57rf37r1i38kpm3nlv4h8f8z2w2n80d-ruby-3.4.8/lib ASAN_OPTIONS=detect_leaks=0 "gcc -I/nix/store/s57rf37r1i38kpm3nlv4h8f8z2w2n80d-ruby-3.4.8/include/ruby-3.4.0/x86_64-linux -I/nix/store/s57rf37r1i38kpm3nlv4h8f8z2w2n80d-ruby-3.4.8/include/ruby-3.4.0/ruby/backward -I/nix/store/s57rf37r1i38kpm3nlv4h8f8z2w2n80d-ruby-3.4.8/include/ruby-3.4.0 -I. -I/home/coder/src/ruby/motor/open_resource/.gem/ruby/3.4.0/gems/prism-1.9.0/include -I/home/coder/src/ruby/motor/open_resource/.gem/ruby/3.4.0/gems/prism-1.9.0/ext    -O3 -fPIC  -fvisibility=hidden -Werror -c conftest.c"
checked program was:
/* begin */
1: #include "ruby.h"
2: 
3: int main(int argc, char **argv)
4: {
5:   return !!argv[argc];
6: }
/* end */

--------------------

