current directory: /home/coder/src/ruby/motor/open_resource/.gem/ruby/3.4.0/gems/date-3.5.1/ext/date
/nix/store/s57rf37r1i38kpm3nlv4h8f8z2w2n80d-ruby-3.4.8/bin/ruby extconf.rb
checking for rb_category_warn()... yes
checking for timezone in time.h with -Werror... yes
checking for altzone in time.h with -Werror... no
creating Makefile

current directory: /home/coder/src/ruby/motor/open_resource/.gem/ruby/3.4.0/gems/date-3.5.1/ext/date
make DESTDIR\= sitearchdir\=./.gem.20260325-4178892-d99g7e sitelibdir\=./.gem.20260325-4178892-d99g7e clean

current directory: /home/coder/src/ruby/motor/open_resource/.gem/ruby/3.4.0/gems/date-3.5.1/ext/date
make DESTDIR\= sitearchdir\=./.gem.20260325-4178892-d99g7e sitelibdir\=./.gem.20260325-4178892-d99g7e
compiling date_core.c
compiling date_parse.c
compiling date_strftime.c
compiling date_strptime.c
linking shared-object date_core.so

current directory: /home/coder/src/ruby/motor/open_resource/.gem/ruby/3.4.0/gems/date-3.5.1/ext/date
make DESTDIR\= sitearchdir\=./.gem.20260325-4178892-d99g7e sitelibdir\=./.gem.20260325-4178892-d99g7e install
install -c -p -m 755 date_core.so ./.gem.20260325-4178892-d99g7e

current directory: /home/coder/src/ruby/motor/open_resource/.gem/ruby/3.4.0/gems/date-3.5.1/ext/date
make DESTDIR\= sitearchdir\=./.gem.20260325-4178892-d99g7e sitelibdir\=./.gem.20260325-4178892-d99g7e clean
