current directory: /home/coder/src/ruby/motor/open_resource/.gem/ruby/3.4.0/gems/json-2.19.2/ext/json/ext/parser
/nix/store/s57rf37r1i38kpm3nlv4h8f8z2w2n80d-ruby-3.4.8/bin/ruby extconf.rb
checking for rb_enc_interned_str() in ruby/encoding.h... yes
checking for rb_str_to_interned_str() in ruby.h... yes
checking for rb_hash_new_capa() in ruby.h... yes
checking for rb_hash_bulk_insert() in ruby.h... yes
checking for whether -std=c99 is accepted as CFLAGS... yes
checking for x86intrin.h... yes
checking for cpuid.h... yes
creating Makefile

current directory: /home/coder/src/ruby/motor/open_resource/.gem/ruby/3.4.0/gems/json-2.19.2/ext/json/ext/parser
make DESTDIR\= sitearchdir\=./.gem.20260325-4186177-765hep sitelibdir\=./.gem.20260325-4186177-765hep clean

current directory: /home/coder/src/ruby/motor/open_resource/.gem/ruby/3.4.0/gems/json-2.19.2/ext/json/ext/parser
make DESTDIR\= sitearchdir\=./.gem.20260325-4186177-765hep sitelibdir\=./.gem.20260325-4186177-765hep
compiling parser.c
linking shared-object json/ext/parser.so

current directory: /home/coder/src/ruby/motor/open_resource/.gem/ruby/3.4.0/gems/json-2.19.2/ext/json/ext/parser
make DESTDIR\= sitearchdir\=./.gem.20260325-4186177-765hep sitelibdir\=./.gem.20260325-4186177-765hep install
install -c -p -m 755 parser.so ./.gem.20260325-4186177-765hep/json/ext

current directory: /home/coder/src/ruby/motor/open_resource/.gem/ruby/3.4.0/gems/json-2.19.2/ext/json/ext/parser
make DESTDIR\= sitearchdir\=./.gem.20260325-4186177-765hep sitelibdir\=./.gem.20260325-4186177-765hep clean
