current directory: /home/coder/src/ruby/motor/open_resource/.gem/ruby/3.4.0/gems/io-event-1.14.4/ext
/nix/store/s57rf37r1i38kpm3nlv4h8f8z2w2n80d-ruby-3.4.8/bin/ruby extconf.rb
checking for whether -Wall is accepted as CFLAGS... yes
checking for whether -Wno-unknown-pragmas is accepted as CFLAGS... yes
checking for whether -std=c99 is accepted as CFLAGS... yes
checking for rb_ext_ractor_safe()... yes
checking for &rb_fiber_transfer()... yes
checking for -luring... no
checking for sys/epoll.h... yes
checking for sys/event.h... no
checking for sys/wait.h... yes
checking for sys/eventfd.h... yes
checking for rb_io_descriptor()... yes
checking for &rb_process_status_wait()... yes
checking for rb_fiber_current()... yes
checking for &rb_fiber_raise()... yes
checking for epoll_pwait2()... yes
checking for ruby/io/buffer.h... yes
checking for rb_fiber_scheduler_blocking_operation_extract()... no
creating extconf.h
creating Makefile

current directory: /home/coder/src/ruby/motor/open_resource/.gem/ruby/3.4.0/gems/io-event-1.14.4/ext
make DESTDIR\= sitearchdir\=./.gem.20260325-4186177-tgfday sitelibdir\=./.gem.20260325-4186177-tgfday clean

current directory: /home/coder/src/ruby/motor/open_resource/.gem/ruby/3.4.0/gems/io-event-1.14.4/ext
make DESTDIR\= sitearchdir\=./.gem.20260325-4186177-tgfday sitelibdir\=./.gem.20260325-4186177-tgfday
compiling ./io/event/event.c
compiling ./io/event/time.c
compiling ./io/event/fiber.c
compiling ./io/event/selector/selector.c
compiling ./io/event/selector/epoll.c
compiling ./io/event/interrupt.c
linking shared-object IO_Event.so

current directory: /home/coder/src/ruby/motor/open_resource/.gem/ruby/3.4.0/gems/io-event-1.14.4/ext
make DESTDIR\= sitearchdir\=./.gem.20260325-4186177-tgfday sitelibdir\=./.gem.20260325-4186177-tgfday install
install -c -p -m 755 IO_Event.so ./.gem.20260325-4186177-tgfday

current directory: /home/coder/src/ruby/motor/open_resource/.gem/ruby/3.4.0/gems/io-event-1.14.4/ext
make DESTDIR\= sitearchdir\=./.gem.20260325-4186177-tgfday sitelibdir\=./.gem.20260325-4186177-tgfday clean
