current directory: /home/coder/src/ruby/motor/open_resource/.gem/ruby/3.4.0/gems/openssl-4.0.1/ext/openssl
/nix/store/s57rf37r1i38kpm3nlv4h8f8z2w2n80d-ruby-3.4.8/bin/ruby extconf.rb
checking for rb_call_super_kw(0, NULL, 0) in ruby.h... yes
checking for rb_io_descriptor() in ruby/io.h... yes
checking for rb_io_maybe_wait(0, Qnil, Qnil, Qnil) in ruby/io.h... yes
checking for rb_io_timeout() in ruby/io.h... yes
checking for t_open() in -lnsl... no
checking for socket() in -lsocket... no
checking for pkg-config for openssl... ["-I/nix/store/79xszwqidf98ag703b5c82q3pwg9lyzq-openssl-3.6.1-dev/include ", "-L/nix/store/bga5xf95jaypy385hvxm4h3yxl3m1566-openssl-3.6.1/lib", "-lssl -lcrypto"]
checking for openssl/ssl.h... yes
checking for LIBRESSL_VERSION_NUMBER in openssl/opensslv.h... no
checking for OpenSSL version >= 1.1.1... yes
checking for RAND_egd() in openssl/rand.h... no
checking for SSL_CTX_set1_sigalgs_list(NULL, NULL) in openssl/ssl.h... yes
checking for SSL_CTX_set1_client_sigalgs_list(NULL, NULL) in openssl/ssl.h... yes
checking for EVP_PBE_scrypt("", 0, (unsigned char *)"", 0, 0, 0, 0, 0, NULL, 0) in openssl/evp.h... yes
checking for EVP_PKEY_check(NULL) in openssl/evp.h... yes
checking for SSL_CTX_set0_tmp_dh_pkey(NULL, NULL) in openssl/ssl.h... yes
checking for ERR_get_error_all(NULL, NULL, NULL, NULL, NULL) in openssl/err.h... yes
checking for SSL_CTX_load_verify_file(NULL, "") in openssl/ssl.h... yes
checking for BN_check_prime(NULL, NULL, NULL) in openssl/bn.h... yes
checking for EVP_MD_CTX_get0_md(NULL) in openssl/evp.h... yes
checking for EVP_MD_CTX_get_pkey_ctx(NULL) in openssl/evp.h... yes
checking for EVP_PKEY_eq(NULL, NULL) in openssl/evp.h... yes
checking for EVP_PKEY_dup(NULL) in openssl/evp.h... yes
checking for SSL_get0_group_name(NULL) in openssl/ssl.h... yes
checking for TS_VERIFY_CTX_set0_certs(NULL, NULL) in openssl/ts.h... yes
checking for SSL_get0_peer_signature_name(NULL, NULL) in openssl/ssl.h... yes
creating extconf.h
creating Makefile

current directory: /home/coder/src/ruby/motor/open_resource/.gem/ruby/3.4.0/gems/openssl-4.0.1/ext/openssl
make DESTDIR\= sitearchdir\=./.gem.20260325-4186177-brl1zn sitelibdir\=./.gem.20260325-4186177-brl1zn clean

current directory: /home/coder/src/ruby/motor/open_resource/.gem/ruby/3.4.0/gems/openssl-4.0.1/ext/openssl
make DESTDIR\= sitearchdir\=./.gem.20260325-4186177-brl1zn sitelibdir\=./.gem.20260325-4186177-brl1zn
compiling ossl.c
compiling ossl_asn1.c
compiling ossl_bio.c
compiling ossl_bn.c
compiling ossl_cipher.c
compiling ossl_config.c
compiling ossl_digest.c
compiling ossl_engine.c
compiling ossl_hmac.c
compiling ossl_kdf.c
compiling ossl_ns_spki.c
compiling ossl_ocsp.c
compiling ossl_pkcs12.c
compiling ossl_pkcs7.c
compiling ossl_pkey.c
compiling ossl_pkey_dh.c
compiling ossl_pkey_dsa.c
compiling ossl_pkey_ec.c
compiling ossl_pkey_rsa.c
compiling ossl_provider.c
compiling ossl_rand.c
compiling ossl_ssl.c
compiling ossl_ssl_session.c
compiling ossl_ts.c
compiling ossl_x509.c
compiling ossl_x509attr.c
compiling ossl_x509cert.c
compiling ossl_x509crl.c
compiling ossl_x509ext.c
compiling ossl_x509name.c
compiling ossl_x509req.c
compiling ossl_x509revoked.c
compiling ossl_x509store.c
linking shared-object openssl.so

current directory: /home/coder/src/ruby/motor/open_resource/.gem/ruby/3.4.0/gems/openssl-4.0.1/ext/openssl
make DESTDIR\= sitearchdir\=./.gem.20260325-4186177-brl1zn sitelibdir\=./.gem.20260325-4186177-brl1zn install
install -c -p -m 755 openssl.so ./.gem.20260325-4186177-brl1zn

current directory: /home/coder/src/ruby/motor/open_resource/.gem/ruby/3.4.0/gems/openssl-4.0.1/ext/openssl
make DESTDIR\= sitearchdir\=./.gem.20260325-4186177-brl1zn sitelibdir\=./.gem.20260325-4186177-brl1zn clean
